[INFO] Scanning for projects...
[INFO] 
[INFO] -----------------------< liveproject:webreport >------------------------
[INFO] Building webreport 0.0.1-SNAPSHOT
[INFO]   from pom.xml
[INFO] --------------------------------[ jar ]---------------------------------
[INFO] 
[INFO] --- resources:3.3.1:resources (default-resources) @ webreport ---
[INFO] Copying 1 resource from src/main/resources to target/classes
[INFO] Copying 5 resources from src/main/resources to target/classes
[INFO] 
[INFO] --- compiler:3.14.1:compile (default-compile) @ webreport ---
[INFO] Nothing to compile - all classes are up to date.
[INFO] 
[INFO] --- resources:3.3.1:testResources (default-testResources) @ webreport ---
[INFO] skip non existing resourceDirectory /home/alberto/Documents/projects/manning/liveprojects/SpringMVCtoSpringBoot/code/bootified/webreport/src/test/resources
[INFO] 
[INFO] --- compiler:3.14.1:testCompile (default-testCompile) @ webreport ---
[INFO] Nothing to compile - all classes are up to date.
[INFO] 
[INFO] --- surefire:3.5.4:test (default-test) @ webreport ---
[INFO] Using auto detected provider org.apache.maven.surefire.junitplatform.JUnitPlatformProvider
[INFO] 
[INFO] -------------------------------------------------------
[INFO]  T E S T S
[INFO] -------------------------------------------------------
[INFO] Running liveproject.webreport.WebreportBootifiedApplicationTests

  .   ____          _            __ _ _
 /\\ / ___'_ __ _ _(_)_ __  __ _ \ \ \ \
( ( )\___ | '_ | '_| | '_ \/ _` | \ \ \ \
 \\/  ___)| |_)| | | | | || (_| |  ) ) ) )
  '  |____| .__|_| |_|_| |_\__, | / / / /
 =========|_|==============|___/=/_/_/_/

 :: Spring Boot ::                (v4.0.2)

2026-03-04T16:29:35.903+01:00  INFO 43921 --- [           main] l.w.WebreportBootifiedApplicationTests   : Starting WebreportBootifiedApplicationTests using Java 19.0.2 with PID 43921 (started by alberto in /home/alberto/Documents/projects/manning/liveprojects/SpringMVCtoSpringBoot/code/bootified/webreport)
2026-03-04T16:29:35.907+01:00  INFO 43921 --- [           main] l.w.WebreportBootifiedApplicationTests   : No active profile set, falling back to 1 default profile: "default"
2026-03-04T16:29:36.139+01:00 DEBUG 43921 --- [           main] o.s.b.f.s.DefaultListableBeanFactory     : Creating shared instance of singleton bean 'org.springframework.context.annotation.internalConfigurationAnnotationProcessor'
2026-03-04T16:29:36.148+01:00 DEBUG 43921 --- [           main] o.s.b.f.s.DefaultListableBeanFactory     : Creating shared instance of singleton bean 'org.springframework.boot.autoconfigure.internalCachingMetadataReaderFactory'
2026-03-04T16:29:36.227+01:00 DEBUG 43921 --- [           main] o.s.b.f.s.DefaultListableBeanFactory     : Creating shared instance of singleton bean 'org.springframework.context.event.internalEventListenerProcessor'
2026-03-04T16:29:36.228+01:00 DEBUG 43921 --- [           main] o.s.b.f.s.DefaultListableBeanFactory     : Creating shared instance of singleton bean 'org.springframework.context.event.internalEventListenerFactory'
2026-03-04T16:29:36.229+01:00 DEBUG 43921 --- [           main] o.s.b.f.s.DefaultListableBeanFactory     : Creating shared instance of singleton bean 'org.springframework.context.annotation.internalAutowiredAnnotationProcessor'
2026-03-04T16:29:36.230+01:00 DEBUG 43921 --- [           main] o.s.b.f.s.DefaultListableBeanFactory     : Creating shared instance of singleton bean 'org.springframework.context.annotation.internalCommonAnnotationProcessor'
2026-03-04T16:29:36.232+01:00 DEBUG 43921 --- [           main] o.s.b.f.s.DefaultListableBeanFactory     : Creating shared instance of singleton bean 'org.springframework.context.annotation.internalPersistenceAnnotationProcessor'
2026-03-04T16:29:36.235+01:00 DEBUG 43921 --- [           main] o.s.b.f.s.DefaultListableBeanFactory     : Creating shared instance of singleton bean 'org.springframework.test.context.support.internalDynamicPropertyRegistrarBeanInitializer'
2026-03-04T16:29:36.238+01:00 DEBUG 43921 --- [           main] o.s.b.f.s.DefaultListableBeanFactory     : Creating shared instance of singleton bean 'testWebConfig'
2026-03-04T16:29:36.240+01:00 DEBUG 43921 --- [           main] o.s.b.f.s.DefaultListableBeanFactory     : Creating shared instance of singleton bean 'profileService'
2026-03-04T16:29:37.031+01:00 DEBUG 43921 --- [           main] o.s.b.f.s.DefaultListableBeanFactory     : Creating shared instance of singleton bean 'matchController'
2026-03-04T16:29:37.069+01:00  INFO 43921 --- [           main] l.w.WebreportBootifiedApplicationTests   : Started WebreportBootifiedApplicationTests in 1.388 seconds (process running for 2.879)
[INFO] Tests run: 1, Failures: 0, Errors: 0, Skipped: 0, Time elapsed: 2.000 s -- in liveproject.webreport.WebreportBootifiedApplicationTests
[INFO] Running liveproject.webreport.match.MatchControllerTest
2026-03-04T16:29:37.269+01:00 DEBUG 43921 --- [           main] o.s.b.f.s.DefaultListableBeanFactory     : Creating shared instance of singleton bean 'org.springframework.context.annotation.internalConfigurationAnnotationProcessor'
2026-03-04T16:29:37.275+01:00 DEBUG 43921 --- [           main] o.s.b.f.s.DefaultListableBeanFactory     : Creating shared instance of singleton bean 'org.springframework.context.event.internalEventListenerProcessor'
2026-03-04T16:29:37.276+01:00 DEBUG 43921 --- [           main] o.s.b.f.s.DefaultListableBeanFactory     : Creating shared instance of singleton bean 'org.springframework.context.event.internalEventListenerFactory'
2026-03-04T16:29:37.277+01:00 DEBUG 43921 --- [           main] o.s.b.f.s.DefaultListableBeanFactory     : Creating shared instance of singleton bean 'org.springframework.context.annotation.internalAutowiredAnnotationProcessor'
2026-03-04T16:29:37.277+01:00 DEBUG 43921 --- [           main] o.s.b.f.s.DefaultListableBeanFactory     : Creating shared instance of singleton bean 'org.springframework.context.annotation.internalCommonAnnotationProcessor'
2026-03-04T16:29:37.277+01:00 DEBUG 43921 --- [           main] o.s.b.f.s.DefaultListableBeanFactory     : Creating shared instance of singleton bean 'org.springframework.context.annotation.internalPersistenceAnnotationProcessor'
2026-03-04T16:29:37.278+01:00 DEBUG 43921 --- [           main] o.s.b.f.s.DefaultListableBeanFactory     : Creating shared instance of singleton bean 'org.springframework.test.context.support.internalDynamicPropertyRegistrarBeanInitializer'
2026-03-04T16:29:37.279+01:00 DEBUG 43921 --- [           main] o.s.b.f.s.DefaultListableBeanFactory     : Creating shared instance of singleton bean 'testWebConfig'
2026-03-04T16:29:37.280+01:00 DEBUG 43921 --- [           main] o.s.b.f.s.DefaultListableBeanFactory     : Creating shared instance of singleton bean 'profileService'
2026-03-04T16:29:37.283+01:00 DEBUG 43921 --- [           main] o.s.b.f.s.DefaultListableBeanFactory     : Creating shared instance of singleton bean 'matchController'
2026-03-04T16:29:37.616+01:00  INFO 43921 --- [           main] o.s.mock.web.MockServletContext          : Initializing Spring TestDispatcherServlet ''
2026-03-04T16:29:37.617+01:00  INFO 43921 --- [           main] o.s.t.web.servlet.TestDispatcherServlet  : Initializing Servlet ''
2026-03-04T16:29:37.619+01:00  INFO 43921 --- [           main] o.s.t.web.servlet.TestDispatcherServlet  : Completed initialization in 1 ms
[INFO] Tests run: 1, Failures: 0, Errors: 0, Skipped: 0, Time elapsed: 0.552 s -- in liveproject.webreport.match.MatchControllerTest
[INFO] Running liveproject.webreport.match.MatchServiceTest
[INFO] Tests run: 1, Failures: 0, Errors: 0, Skipped: 0, Time elapsed: 0.276 s -- in liveproject.webreport.match.MatchServiceTest
[INFO] 
[INFO] Results:
[INFO] 
[INFO] Tests run: 3, Failures: 0, Errors: 0, Skipped: 0
[INFO] 
[INFO] ------------------------------------------------------------------------
[INFO] BUILD SUCCESS
[INFO] ------------------------------------------------------------------------
[INFO] Total time:  6.703 s
[INFO] Finished at: 2026-03-04T16:29:38+01:00
[INFO] ------------------------------------------------------------------------
